<?xml version="1.0" encoding="UTF-8"?>
<!-- Generated by org.testng.reporters.JUnitReportReporter -->
<testsuite skipped="0" hostname="Surakshitha" name="com.crm.SDET26.BasicScripts.CreateOrgIndTest" tests="1" failures="0" timestamp="29 Nov 2021 17:22:17 GMT" time="31.330" errors="0">
  <testcase name="CreateOrg" time="31.330" classname="com.crm.SDET26.BasicScripts.CreateOrgIndTest"/>
</testsuite> <!-- com.crm.SDET26.BasicScripts.CreateOrgIndTest -->
