<?xml version="1.0" encoding="UTF-8"?>
<!-- Generated by org.testng.reporters.JUnitReportReporter -->
<testsuite skipped="0" hostname="Surakshitha" name="com.crm.SDET26.BasicScripts.CreateOrgTest" tests="1" failures="0" timestamp="29 Nov 2021 17:18:04 GMT" time="32.112" errors="0">
  <testcase name="CreateOrg" time="32.112" classname="com.crm.SDET26.BasicScripts.CreateOrgTest"/>
</testsuite> <!-- com.crm.SDET26.BasicScripts.CreateOrgTest -->
