<?xml version="1.0" encoding="UTF-8"?>
<!-- Generated by org.testng.reporters.JUnitReportReporter -->
<testsuite skipped="0" hostname="Surakshitha" name="com.crm.comcast.contacts.Nov30.CreateContactAdminUser" tests="1" failures="0" timestamp="06 Dec 2021 05:42:00 GMT" time="28.869" errors="0">
  <testcase name="createContactAdminUser" time="28.869" classname="com.crm.comcast.contacts.Nov30.CreateContactAdminUser"/>
</testsuite> <!-- com.crm.comcast.contacts.Nov30.CreateContactAdminUser -->
