<?xml version="1.0" encoding="UTF-8"?>
<!-- Generated by org.testng.reporters.JUnitReportReporter -->
<testsuite skipped="0" hostname="Surakshitha" name="com.crm.SDET26.BasicScripts.CreateContactsNameLeadsTest" tests="1" failures="0" timestamp="28 Nov 2021 06:45:53 GMT" time="35.586" errors="0">
  <testcase name="CreateContactsOrg" time="35.586" classname="com.crm.SDET26.BasicScripts.CreateContactsNameLeadsTest"/>
</testsuite> <!-- com.crm.SDET26.BasicScripts.CreateContactsNameLeadsTest -->
