<?xml version="1.0" encoding="UTF-8"?>
<!-- Generated by org.testng.reporters.JUnitReportReporter -->
<testsuite skipped="0" hostname="Surakshitha" name="com.crm.SDET26.practice.SampleJDBCExecuteQuery" tests="1" failures="0" timestamp="05 Dec 2021 12:23:37 GMT" time="0.783" errors="0">
  <testcase name="ExecuteQuery" time="0.783" classname="com.crm.SDET26.practice.SampleJDBCExecuteQuery"/>
</testsuite> <!-- com.crm.SDET26.practice.SampleJDBCExecuteQuery -->
