<?xml version="1.0" encoding="UTF-8"?>
<!-- Generated by org.testng.reporters.JUnitReportReporter -->
<testsuite skipped="0" hostname="Surakshitha" name="com.crm.SDET26.practice.DemoDataProvider" tests="4" failures="0" timestamp="05 Dec 2021 07:09:32 GMT" time="0.031" errors="0">
  <testcase name="DemoBookTicket" time="0.000" classname="com.crm.SDET26.practice.DemoDataProvider"/>
  <testcase name="DemoBookTicket" time="0.000" classname="com.crm.SDET26.practice.DemoDataProvider"/>
  <testcase name="DemoBookTicket" time="0.016" classname="com.crm.SDET26.practice.DemoDataProvider"/>
  <testcase name="DemoBookTicket" time="0.015" classname="com.crm.SDET26.practice.DemoDataProvider"/>
</testsuite> <!-- com.crm.SDET26.practice.DemoDataProvider -->
