<?xml version="1.0" encoding="UTF-8"?>
<!-- Generated by org.testng.reporters.JUnitReportReporter -->
<testsuite skipped="0" hostname="Surakshitha" name="com.crm.SDET26_Git.DemoMaven1Test" tests="1" failures="0" timestamp="10 Dec 2021 11:41:27 GMT" time="0.019" errors="0">
  <testcase name="demoMaven1Test" time="0.019" classname="com.crm.SDET26_Git.DemoMaven1Test"/>
</testsuite> <!-- com.crm.SDET26_Git.DemoMaven1Test -->
