<?xml version="1.0" encoding="UTF-8"?>
<!-- Generated by org.testng.reporters.JUnitReportReporter -->
<testsuite skipped="0" hostname="Surakshitha" name="com.crm.comcast.organisationTest.Nov29.CreateOrgIndTypeTest" tests="2" failures="0" timestamp="06 Dec 2021 04:47:21 GMT" time="78.637" errors="0">
  <testcase name="createOrgIndTypeTest" time="31.913" classname="com.crm.comcast.organisationTest.Nov29.CreateOrgIndTypeTest"/>
  <testcase name="createOrgIndTypeTest" time="46.724" classname="com.crm.comcast.organisationTest.Nov29.CreateOrgIndTypeTest"/>
</testsuite> <!-- com.crm.comcast.organisationTest.Nov29.CreateOrgIndTypeTest -->
