<?xml version="1.0" encoding="UTF-8"?>
<!-- Generated by org.testng.reporters.JUnitReportReporter -->
<testsuite skipped="0" hostname="Surakshitha" name="com.crm.SDET26_Git.Demo456Test" tests="4" failures="0" timestamp="11 Dec 2021 10:42:45 GMT" time="0.030" errors="0">
  <testcase name="travelinfo" time="0.000" classname="com.crm.SDET26_Git.Demo456Test"/>
  <testcase name="travelinfo" time="0.015" classname="com.crm.SDET26_Git.Demo456Test"/>
  <testcase name="travelinfo" time="0.015" classname="com.crm.SDET26_Git.Demo456Test"/>
  <testcase name="travelinfo" time="0.000" classname="com.crm.SDET26_Git.Demo456Test"/>
</testsuite> <!-- com.crm.SDET26_Git.Demo456Test -->
