<?xml version="1.0" encoding="UTF-8"?>
<!-- Generated by org.testng.reporters.JUnitReportReporter -->
<testsuite skipped="0" hostname="Surakshitha" name="com.crm.comcast.organizationsTest.Dec06.CreateOrgGroupTest" tests="2" failures="0" timestamp="07 Dec 2021 10:48:30 GMT" time="59.458" errors="0">
  <testcase name="createOrgIndTypeTest" time="28.277" classname="com.crm.comcast.organizationsTest.Dec06.CreateOrgGroupTest"/>
  <testcase name="createOrgTest" time="31.181" classname="com.crm.comcast.organizationsTest.Dec06.CreateOrgGroupTest"/>
</testsuite> <!-- com.crm.comcast.organizationsTest.Dec06.CreateOrgGroupTest -->
