<?xml version="1.0" encoding="UTF-8"?>
<!-- Generated by org.testng.reporters.JUnitReportReporter -->
<testsuite skipped="0" hostname="Surakshitha" name="com.crm.comcast.organizationsTest.Dec06.CreateOrgTest" tests="1" failures="0" timestamp="06 Dec 2021 10:05:27 GMT" time="28.109" errors="0">
  <testcase name="createOrgTest" time="28.109" classname="com.crm.comcast.organizationsTest.Dec06.CreateOrgTest"/>
</testsuite> <!-- com.crm.comcast.organizationsTest.Dec06.CreateOrgTest -->
