<?xml version="1.0" encoding="UTF-8"?>
<!-- Generated by org.testng.reporters.JUnitReportReporter -->
<testsuite skipped="0" hostname="Surakshitha" name="com.crm.SDET26_Git.DemoMaven2Test" tests="1" failures="0" timestamp="10 Dec 2021 11:41:50 GMT" time="0.018" errors="0">
  <testcase name="demoMaven2Test" time="0.018" classname="com.crm.SDET26_Git.DemoMaven2Test"/>
</testsuite> <!-- com.crm.SDET26_Git.DemoMaven2Test -->
