<?xml version="1.0" encoding="UTF-8"?>
<!-- Generated by org.testng.reporters.JUnitReportReporter -->
<testsuite skipped="0" hostname="Surakshitha" name="com.crm.comcast.contacts.Nov30.CreateContactMarketingGroup" tests="1" failures="0" timestamp="03 Dec 2021 19:13:25 GMT" time="29.644" errors="0">
  <testcase name="createContactMarketingGroup" time="29.644" classname="com.crm.comcast.contacts.Nov30.CreateContactMarketingGroup"/>
</testsuite> <!-- com.crm.comcast.contacts.Nov30.CreateContactMarketingGroup -->
