<?xml version="1.0" encoding="UTF-8"?>
<!-- Generated by org.testng.reporters.JUnitReportReporter -->
<testsuite skipped="0" hostname="Surakshitha" name="com.crm.comcast.contacts.Nov30.CreateContactReport" tests="1" failures="0" timestamp="09 Dec 2021 04:48:12 GMT" time="65.165" errors="0">
  <testcase name="createContactReport" time="65.165" classname="com.crm.comcast.contacts.Nov30.CreateContactReport"/>
</testsuite> <!-- com.crm.comcast.contacts.Nov30.CreateContactReport -->
