<?xml version="1.0" encoding="UTF-8"?>
<!-- Generated by org.testng.reporters.JUnitReportReporter -->
<testsuite skipped="0" hostname="Surakshitha" name="com.crm.comcast.contacts.Nov30.CreateContactMarketingGroup2" tests="1" failures="0" timestamp="03 Dec 2021 18:28:32 GMT" time="28.770" errors="0">
  <testcase name="createContactMarketingGroup" time="28.770" classname="com.crm.comcast.contacts.Nov30.CreateContactMarketingGroup2"/>
</testsuite> <!-- com.crm.comcast.contacts.Nov30.CreateContactMarketingGroup2 -->
