<?xml version="1.0" encoding="UTF-8"?>
<!-- Generated by org.testng.reporters.JUnitReportReporter -->
<testsuite skipped="0" hostname="Surakshitha" name="com.crm.comcast.contactsTest.Nov29.CreateContactsOrgSupDateTest" tests="1" failures="0" timestamp="06 Dec 2021 18:05:05 GMT" time="29.664" errors="0">
  <testcase name="createContactsOrgSupDateTest" time="29.664" classname="com.crm.comcast.contactsTest.Nov29.CreateContactsOrgSupDateTest"/>
</testsuite> <!-- com.crm.comcast.contactsTest.Nov29.CreateContactsOrgSupDateTest -->
