<?xml version="1.0" encoding="UTF-8"?>
<!-- Generated by org.testng.reporters.JUnitReportReporter -->
<testsuite hostname="Dell-PC" failures="0" tests="1" name="com.crm.SDET26_Git.DemoGitTest" time="0.014" errors="0" timestamp="2021-12-09T15:14:51 IST" skipped="0">
  <testcase classname="com.crm.SDET26_Git.DemoGitTest" name="demoGitTest" time="0.014"/>
  <system-out/>
</testsuite> <!-- com.crm.SDET26_Git.DemoGitTest -->
