<?xml version="1.0" encoding="UTF-8"?>
<!-- Generated by org.testng.reporters.JUnitReportReporter -->
<testsuite skipped="0" hostname="Surakshitha" name="com.crm.comcast.contacts.Nov30.CreateContactLead" tests="1" failures="0" timestamp="03 Dec 2021 19:08:38 GMT" time="43.044" errors="0">
  <testcase name="createContactLead" time="43.044" classname="com.crm.comcast.contacts.Nov30.CreateContactLead"/>
</testsuite> <!-- com.crm.comcast.contacts.Nov30.CreateContactLead -->
