<?xml version="1.0" encoding="UTF-8"?>
<!-- Generated by org.testng.reporters.JUnitReportReporter -->
<testsuite skipped="0" hostname="Surakshitha" name="com.crm.SDET26_Git.DemoLaunchTest" tests="1" failures="0" timestamp="13 Dec 2021 07:37:02 GMT" time="0.032" errors="0">
  <testcase name="demoLaunchTest" time="0.032" classname="com.crm.SDET26_Git.DemoLaunchTest"/>
</testsuite> <!-- com.crm.SDET26_Git.DemoLaunchTest -->
