<?xml version="1.0" encoding="UTF-8"?>
<!-- Generated by org.testng.reporters.JUnitReportReporter -->
<testsuite skipped="0" hostname="Surakshitha" name="com.crm.SDET26_Git.DemoGitTest" tests="1" failures="0" timestamp="10 Dec 2021 19:19:49 GMT" time="0.016" errors="0">
  <testcase name="demoGitTest" time="0.016" classname="com.crm.SDET26_Git.DemoGitTest"/>
</testsuite> <!-- com.crm.SDET26_Git.DemoGitTest -->
