<?xml version="1.0" encoding="UTF-8"?>
<!-- Generated by org.testng.reporters.JUnitReportReporter -->
<testsuite skipped="0" hostname="Surakshitha" name="com.crm.SDET26.practice.SampleJDBCExecuteUpdate" tests="1" failures="0" timestamp="27 Nov 2021 11:02:26 GMT" time="0.675" errors="0">
  <testcase name="ExecuteUpdate" time="0.675" classname="com.crm.SDET26.practice.SampleJDBCExecuteUpdate"/>
</testsuite> <!-- com.crm.SDET26.practice.SampleJDBCExecuteUpdate -->
