<?xml version="1.0" encoding="UTF-8"?>
<!-- Generated by org.testng.reporters.JUnitReportReporter -->
<testsuite skipped="0" hostname="Surakshitha" name="com.crm.SDET26.BasicScripts.CreateContactsOrgTest" tests="1" failures="0" timestamp="28 Nov 2021 06:30:11 GMT" time="34.857" errors="0">
  <testcase name="CreateContactsOrg" time="34.857" classname="com.crm.SDET26.BasicScripts.CreateContactsOrgTest"/>
</testsuite> <!-- com.crm.SDET26.BasicScripts.CreateContactsOrgTest -->
