<?xml version="1.0" encoding="UTF-8"?>
<!-- Generated by org.testng.reporters.JUnitReportReporter -->
<testsuite skipped="0" hostname="Surakshitha" name="com.crm.SDET26.BasicScripts.CreateContactsTest" tests="1" failures="0" timestamp="29 Nov 2021 17:25:15 GMT" time="30.709" errors="0">
  <testcase name="CreateContacts" time="30.709" classname="com.crm.SDET26.BasicScripts.CreateContactsTest"/>
</testsuite> <!-- com.crm.SDET26.BasicScripts.CreateContactsTest -->
