<?xml version="1.0" encoding="UTF-8"?>
<!-- Generated by org.testng.reporters.JUnitReportReporter -->
<testsuite skipped="0" hostname="Surakshitha" name="com.crm.comcast.contactsTest.Nov29.CreateContactsTest" tests="1" failures="0" timestamp="06 Dec 2021 17:23:51 GMT" time="28.187" errors="0">
  <testcase name="createContactsTest" time="28.187" classname="com.crm.comcast.contactsTest.Nov29.CreateContactsTest"/>
</testsuite> <!-- com.crm.comcast.contactsTest.Nov29.CreateContactsTest -->
