<?xml version="1.0" encoding="UTF-8"?>
<!-- Generated by org.testng.reporters.JUnitReportReporter -->
<testsuite skipped="0" hostname="Surakshitha" name="com.crm.comcast.organizationsTest.Dec06.CreateContactsGroupTest" tests="3" failures="0" timestamp="07 Dec 2021 11:07:40 GMT" time="102.207" errors="0">
  <testcase name="createContactsOrgTest" time="46.225" classname="com.crm.comcast.organizationsTest.Dec06.CreateContactsGroupTest"/>
  <testcase name="createContactsTest" time="26.668" classname="com.crm.comcast.organizationsTest.Dec06.CreateContactsGroupTest"/>
  <testcase name="createContactsOrgSupDateTest" time="29.314" classname="com.crm.comcast.organizationsTest.Dec06.CreateContactsGroupTest"/>
</testsuite> <!-- com.crm.comcast.organizationsTest.Dec06.CreateContactsGroupTest -->
