<?xml version="1.0" encoding="UTF-8"?>
<!-- Generated by org.testng.reporters.JUnitReportReporter -->
<testsuite skipped="0" hostname="Surakshitha" name="com.crm.comcast.organisationTest.Nov29.CreateOrgTest" tests="1" failures="0" timestamp="06 Dec 2021 05:08:38 GMT" time="29.415" errors="0">
  <testcase name="createOrgTest" time="29.415" classname="com.crm.comcast.organisationTest.Nov29.CreateOrgTest"/>
</testsuite> <!-- com.crm.comcast.organisationTest.Nov29.CreateOrgTest -->
